# JRE version: OpenJDK Runtime Environment Temurin-17.0.12+7 (17.0.12+7) (build 17.0.12+7)
# Java VM: OpenJDK 64-Bit Server VM Temurin-17.0.12+7 (17.0.12+7, mixed mode, emulated-client, tiered, compressed oops, compressed class ptrs, g1 gc, windows-amd64)
GC Precious Log:
 CPUs: 8 total, 8 available
 Memory: 3979M
 Large Page Support: Disabled
 NUMA Support: Disabled
 Compressed Oops: Enabled (32-bit)
 Heap Region Size: 1M
 Heap Min Capacity: 8M
 Heap Initial Capacity: 64M
 Heap Max Capacity: 1G
 Pre-touch: Disabled
 Parallel Workers: 8
 Concurrent Workers: 2
 Concurrent Refinement Workers: 8
 Periodic GC: Disabled
Heap:
 garbage-first heap   total 78848K, used 25266K [0x00000000c0000000, 0x0000000100000000)
  region size 1024K, 1 young (1024K), 0 survivors (0K)
 Metaspace       used 40126K, committed 40640K, reserved 1114112K
  class space    used 5062K, committed 5248K, reserved 1048576K
GC Heap History (20 events):
Event: 187.049 GC heap after
{Heap after GC invocations=24 (full 14):
 garbage-first heap   total 78848K, used 25266K [0x00000000c0000000, 0x0000000100000000)
  region size 1024K, 0 young (0K), 0 survivors (0K)
 Metaspace       used 40126K, committed 40640K, reserved 1114112K
  class space    used 5062K, committed 5248K, reserved 1048576K
}
Event: 197.184 GC heap before
{Heap before GC invocations=24 (full 14):
 garbage-first heap   total 78848K, used 25266K [0x00000000c0000000, 0x0000000100000000)
  region size 1024K, 1 young (1024K), 0 survivors (0K)
 Metaspace       used 40126K, committed 40640K, reserved 1114112K
  class space    used 5062K, committed 5248K, reserved 1048576K
}
Event: 197.209 GC heap after
{Heap after GC invocations=25 (full 15):
 garbage-first heap   total 78848K, used 25266K [0x00000000c0000000, 0x0000000100000000)
  region size 1024K, 0 young (0K), 0 survivors (0K)
 Metaspace       used 40126K, committed 40640K, reserved 1114112K
  class space    used 5062K, committed 5248K, reserved 1048576K
}
Event: 207.409 GC heap before
{Heap before GC invocations=25 (full 15):
 garbage-first heap   total 78848K, used 25266K [0x00000000c0000000, 0x0000000100000000)
  region size 1024K, 1 young (1024K), 0 survivors (0K)
 Metaspace       used 40126K, committed 40640K, reserved 1114112K
  class space    used 5062K, committed 5248K, reserved 1048576K
}
Event: 207.441 GC heap after
{Heap after GC invocations=26 (full 16):
 garbage-first heap   total 78848K, used 25266K [0x00000000c0000000, 0x0000000100000000)
  region size 1024K, 0 young (0K), 0 survivors (0K)
 Metaspace       used 40126K, committed 40640K, reserved 1114112K
  class space    used 5062K, committed 5248K, reserved 1048576K
}
Event: 218.800 GC heap before
{Heap before GC invocations=26 (full 16):
 garbage-first heap   total 78848K, used 25266K [0x00000000c0000000, 0x0000000100000000)
  region size 1024K, 1 young (1024K), 0 survivors (0K)
 Metaspace       used 40126K, committed 40640K, reserved 1114112K
  class space    used 5062K, committed 5248K, reserved 1048576K
}
Event: 219.819 GC heap after
{Heap after GC invocations=27 (full 17):
 garbage-first heap   total 78848K, used 25266K [0x00000000c0000000, 0x0000000100000000)
  region size 1024K, 0 young (0K), 0 survivors (0K)
 Metaspace       used 40126K, committed 40640K, reserved 1114112K
  class space    used 5062K, committed 5248K, reserved 1048576K
}
Event: 229.939 GC heap before
{Heap before GC invocations=27 (full 17):
 garbage-first heap   total 78848K, used 25266K [0x00000000c0000000, 0x0000000100000000)
  region size 1024K, 1 young (1024K), 0 survivors (0K)
 Metaspace       used 40126K, committed 40640K, reserved 1114112K
  class space    used 5062K, committed 5248K, reserved 1048576K
}
Event: 229.976 GC heap after
{Heap after GC invocations=28 (full 18):
 garbage-first heap   total 78848K, used 25266K [0x00000000c0000000, 0x0000000100000000)
  region size 1024K, 0 young (0K), 0 survivors (0K)
 Metaspace       used 40126K, committed 40640K, reserved 1114112K
  class space    used 5062K, committed 5248K, reserved 1048576K
}
Event: 240.127 GC heap before
{Heap before GC invocations=28 (full 18):
 garbage-first heap   total 78848K, used 25266K [0x00000000c0000000, 0x0000000100000000)
  region size 1024K, 1 young (1024K), 0 survivors (0K)
 Metaspace       used 40126K, committed 40640K, reserved 1114112K
  class space    used 5062K, committed 5248K, reserved 1048576K
}
Event: 240.145 GC heap after
{Heap after GC invocations=29 (full 19):
 garbage-first heap   total 78848K, used 25266K [0x00000000c0000000, 0x0000000100000000)
  region size 1024K, 0 young (0K), 0 survivors (0K)
 Metaspace       used 40126K, committed 40640K, reserved 1114112K
  class space    used 5062K, committed 5248K, reserved 1048576K
}
Event: 250.305 GC heap before
{Heap before GC invocations=29 (full 19):
 garbage-first heap   total 78848K, used 25266K [0x00000000c0000000, 0x0000000100000000)
  region size 1024K, 1 young (1024K), 0 survivors (0K)
 Metaspace       used 40126K, committed 40640K, reserved 1114112K
  class space    used 5062K, committed 5248K, reserved 1048576K
}
Event: 250.324 GC heap after
{Heap after GC invocations=30 (full 20):
 garbage-first heap   total 78848K, used 25266K [0x00000000c0000000, 0x0000000100000000)
  region size 1024K, 0 young (0K), 0 survivors (0K)
 Metaspace       used 40126K, committed 40640K, reserved 1114112K
  class space    used 5062K, committed 5248K, reserved 1048576K
}
Event: 260.465 GC heap before
{Heap before GC invocations=30 (full 20):
 garbage-first heap   total 78848K, used 25266K [0x00000000c0000000, 0x0000000100000000)
  region size 1024K, 1 young (1024K), 0 survivors (0K)
 Metaspace       used 40126K, committed 40640K, reserved 1114112K
  class space    used 5062K, committed 5248K, reserved 1048576K
}
Event: 260.484 GC heap after
{Heap after GC invocations=31 (full 21):
 garbage-first heap   total 78848K, used 25266K [0x00000000c0000000, 0x0000000100000000)
  region size 1024K, 0 young (0K), 0 survivors (0K)
 Metaspace       used 40126K, committed 40640K, reserved 1114112K
  class space    used 5062K, committed 5248K, reserved 1048576K
}
Event: 270.653 GC heap before
{Heap before GC invocations=31 (full 21):
 garbage-first heap   total 78848K, used 25266K [0x00000000c0000000, 0x0000000100000000)
  region size 1024K, 1 young (1024K), 0 survivors (0K)
 Metaspace       used 40126K, committed 40640K, reserved 1114112K
  class space    used 5062K, committed 5248K, reserved 1048576K
}
Event: 270.673 GC heap after
{Heap after GC invocations=32 (full 22):
 garbage-first heap   total 78848K, used 25266K [0x00000000c0000000, 0x0000000100000000)
  region size 1024K, 0 young (0K), 0 survivors (0K)
 Metaspace       used 40126K, committed 40640K, reserved 1114112K
  class space    used 5062K, committed 5248K, reserved 1048576K
}
Event: 280.855 GC heap before
{Heap before GC invocations=32 (full 22):
 garbage-first heap   total 78848K, used 25266K [0x00000000c0000000, 0x0000000100000000)
  region size 1024K, 1 young (1024K), 0 survivors (0K)
 Metaspace       used 40126K, committed 40640K, reserved 1114112K
  class space    used 5062K, committed 5248K, reserved 1048576K
}
Event: 280.873 GC heap after
{Heap after GC invocations=33 (full 23):
 garbage-first heap   total 78848K, used 25266K [0x00000000c0000000, 0x0000000100000000)
  region size 1024K, 0 young (0K), 0 survivors (0K)
 Metaspace       used 40126K, committed 40640K, reserved 1114112K
  class space    used 5062K, committed 5248K, reserved 1048576K
}
Event: 290.952 GC heap before
{Heap before GC invocations=33 (full 23):
 garbage-first heap   total 78848K, used 25266K [0x00000000c0000000, 0x0000000100000000)
  region size 1024K, 1 young (1024K), 0 survivors (0K)
 Metaspace       used 40126K, committed 40640K, reserved 1114112K
  class space    used 5062K, committed 5248K, reserved 1048576K
}

